Using pre-set license
Built from '2022.3/staging' branch; Version is '2022.3.15f1 (b58023a2b463) revision 11894819'; Using compiler version '192829333'; Build Type 'Release'
OS: 'Windows 10  (10.0.19045) 64bit Professional' Language: 'en' Physical Memory: 16314 MB
BatchMode: 1, IsHumanControllingUs: 0, StartBugReporterOnCrash: 0, Is64bit: 1, IsPro: 1

COMMAND LINE ARGUMENTS:
C:\Program Files\Unity\Hub\Editor\2022.3.15f1\Editor\Unity.exe
-adb2
-batchMode
-noUpm
-name
AssetImportWorker2
-projectPath
Q:/курсовая игруля/Path-of-Unity-master
-logFile
Logs/AssetImportWorker2.log
-srvPort
62571
Successfully changed project path to: Q:/курсовая игруля/Path-of-Unity-master
Q:/курсовая игруля/Path-of-Unity-master
[UnityMemory] Configuration Parameters - Can be set up in boot.config
    "memorysetup-bucket-allocator-granularity=16"
    "memorysetup-bucket-allocator-bucket-count=8"
    "memorysetup-bucket-allocator-block-size=33554432"
    "memorysetup-bucket-allocator-block-count=8"
    "memorysetup-main-allocator-block-size=16777216"
    "memorysetup-thread-allocator-block-size=16777216"
    "memorysetup-gfx-main-allocator-block-size=16777216"
    "memorysetup-gfx-thread-allocator-block-size=16777216"
    "memorysetup-cache-allocator-block-size=4194304"
    "memorysetup-typetree-allocator-block-size=2097152"
    "memorysetup-profiler-bucket-allocator-granularity=16"
    "memorysetup-profiler-bucket-allocator-bucket-count=8"
    "memorysetup-profiler-bucket-allocator-block-size=33554432"
    "memorysetup-profiler-bucket-allocator-block-count=8"
    "memorysetup-profiler-allocator-block-size=16777216"
    "memorysetup-profiler-editor-allocator-block-size=1048576"
    "memorysetup-temp-allocator-size-main=16777216"
    "memorysetup-job-temp-allocator-block-size=2097152"
    "memorysetup-job-temp-allocator-block-size-background=1048576"
    "memorysetup-job-temp-allocator-reduction-small-platforms=262144"
    "memorysetup-allocator-temp-initial-block-size-main=262144"
    "memorysetup-allocator-temp-initial-block-size-worker=262144"
    "memorysetup-temp-allocator-size-background-worker=32768"
    "memorysetup-temp-allocator-size-job-worker=262144"
    "memorysetup-temp-allocator-size-preload-manager=33554432"
    "memorysetup-temp-allocator-size-nav-mesh-worker=65536"
    "memorysetup-temp-allocator-size-audio-worker=65536"
    "memorysetup-temp-allocator-size-cloud-worker=32768"
    "memorysetup-temp-allocator-size-gi-baking-worker=262144"
    "memorysetup-temp-allocator-size-gfx=262144"
Player connection [47960] Host "[IP] 192.168.100.11 [Port] 0 [Flags] 2 [Guid] 246245034 [EditorId] 246245034 [Version] 1048832 [Id] WindowsEditor(7,DESKTOP-V5IU430) [Debug] 1 [PackageName] WindowsEditor [ProjectName] Editor" joined multi-casting on [225.0.0.222:54997]...

Player connection [47960] Host "[IP] 192.168.100.11 [Port] 0 [Flags] 2 [Guid] 246245034 [EditorId] 246245034 [Version] 1048832 [Id] WindowsEditor(7,DESKTOP-V5IU430) [Debug] 1 [PackageName] WindowsEditor [ProjectName] Editor" joined alternative multi-casting on [225.0.0.222:34997]...

[Physics::Module] Initialized MultithreadedJobDispatcher with 11 workers.
Refreshing native plugins compatible for Editor in 10.93 ms, found 2 plugins.
Preloading 0 native plugins for Editor in 0.00 ms.
Initialize engine version: 2022.3.15f1 (b58023a2b463)
[Subsystems] Discovering subsystems at path C:/Program Files/Unity/Hub/Editor/2022.3.15f1/Editor/Data/Resources/UnitySubsystems
[Subsystems] Discovering subsystems at path Q:/курсовая игруля/Path-of-Unity-master/Assets
GfxDevice: creating device client; threaded=0; jobified=0
Direct3D:
    Version:  Direct3D 11.0 [level 11.1]
    Renderer: NVIDIA GeForce RTX 2060 SUPER (ID=0x1f06)
    Vendor:   NVIDIA
    VRAM:     8006 MB
    Driver:   32.0.15.6094
Initialize mono
Mono path[0] = 'C:/Program Files/Unity/Hub/Editor/2022.3.15f1/Editor/Data/Managed'
Mono path[1] = 'C:/Program Files/Unity/Hub/Editor/2022.3.15f1/Editor/Data/MonoBleedingEdge/lib/mono/unityjit-win32'
Mono config path = 'C:/Program Files/Unity/Hub/Editor/2022.3.15f1/Editor/Data/MonoBleedingEdge/etc'
Using monoOptions --debugger-agent=transport=dt_socket,embedding=1,server=y,suspend=n,address=127.0.0.1:56204
Begin MonoManager ReloadAssembly
Registering precompiled unity dll's ...
Register platform support module: C:/Program Files/Unity/Hub/Editor/2022.3.15f1/Editor/Data/PlaybackEngines/WebGLSupport/UnityEditor.WebGL.Extensions.dll
Register platform support module: C:/Program Files/Unity/Hub/Editor/2022.3.15f1/Editor/Data/PlaybackEngines/WindowsStandaloneSupport/UnityEditor.WindowsStandalone.Extensions.dll
Registered in 0.012553 seconds.
- Loaded All Assemblies, in  0.414 seconds
Native extension for WindowsStandalone target not found
Native extension for WebGL target not found
Mono: successfully reloaded assembly
- Finished resetting the current domain, in  0.296 seconds
Domain Reload Profiling: 708ms
	BeginReloadAssembly (115ms)
		ExecutionOrderSort (0ms)
		DisableScriptedObjects (0ms)
		BackupInstance (0ms)
		ReleaseScriptingObjects (0ms)
		CreateAndSetChildDomain (1ms)
	RebuildCommonClasses (41ms)
	RebuildNativeTypeToScriptingClass (17ms)
	initialDomainReloadingComplete (68ms)
	LoadAllAssembliesAndSetupDomain (170ms)
		LoadAssemblies (113ms)
		RebuildTransferFunctionScriptingTraits (0ms)
		AnalyzeDomain (167ms)
			TypeCache.Refresh (165ms)
				TypeCache.ScanAssembly (150ms)
			ScanForSourceGeneratedMonoScriptInfo (1ms)
			ResolveRequiredComponents (1ms)
	FinalizeReload (297ms)
		ReleaseScriptCaches (0ms)
		RebuildScriptCaches (0ms)
		SetupLoadedEditorAssemblies (234ms)
			LogAssemblyErrors (0ms)
			InitializePlatformSupportModulesInManaged (12ms)
			SetLoadedEditorAssemblies (5ms)
			RefreshPlugins (0ms)
			BeforeProcessingInitializeOnLoad (2ms)
			ProcessInitializeOnLoadAttributes (163ms)
			ProcessInitializeOnLoadMethodAttributes (52ms)
			AfterProcessingInitializeOnLoad (0ms)
			EditorAssembliesLoaded (0ms)
		ExecutionOrderSort2 (0ms)
		AwakeInstancesAfterBackupRestoration (0ms)
========================================================================
Worker process is ready to serve import requests
Begin MonoManager ReloadAssembly
Symbol file LoadedFromMemory is not a mono symbol file
- Loaded All Assemblies, in  0.651 seconds
Refreshing native plugins compatible for Editor in 5.86 ms, found 2 plugins.
Native extension for WindowsStandalone target not found
Native extension for WebGL target not found
Package Manager log level set to [2]
[Package Manager] Server::EnsureServerProcessIsRunning -- launch failed, reason: Unity was launched with the -noUpm command-line argument
[Package Manager] UpmClient::Send -- Unable to send message (not connected to UPM process).
[Package Manager] Cannot connect to Unity Package Manager local server
Mono: successfully reloaded assembly
- Finished resetting the current domain, in  0.798 seconds
Domain Reload Profiling: 1446ms
	BeginReloadAssembly (178ms)
		ExecutionOrderSort (0ms)
		DisableScriptedObjects (7ms)
		BackupInstance (0ms)
		ReleaseScriptingObjects (0ms)
		CreateAndSetChildDomain (24ms)
	RebuildCommonClasses (43ms)
	RebuildNativeTypeToScriptingClass (16ms)
	initialDomainReloadingComplete (47ms)
	LoadAllAssembliesAndSetupDomain (364ms)
		LoadAssemblies (323ms)
		RebuildTransferFunctionScriptingTraits (0ms)
		AnalyzeDomain (145ms)
			TypeCache.Refresh (118ms)
				TypeCache.ScanAssembly (100ms)
			ScanForSourceGeneratedMonoScriptInfo (21ms)
			ResolveRequiredComponents (5ms)
	FinalizeReload (799ms)
		ReleaseScriptCaches (0ms)
		RebuildScriptCaches (0ms)
		SetupLoadedEditorAssemblies (624ms)
			LogAssemblyErrors (0ms)
			InitializePlatformSupportModulesInManaged (8ms)
			SetLoadedEditorAssemblies (3ms)
			RefreshPlugins (0ms)
			BeforeProcessingInitializeOnLoad (64ms)
			ProcessInitializeOnLoadAttributes (344ms)
			ProcessInitializeOnLoadMethodAttributes (193ms)
			AfterProcessingInitializeOnLoad (12ms)
			EditorAssembliesLoaded (0ms)
		ExecutionOrderSort2 (0ms)
		AwakeInstancesAfterBackupRestoration (7ms)
Launched and connected shader compiler UnityShaderCompiler.exe after 0.08 seconds
Refreshing native plugins compatible for Editor in 7.78 ms, found 2 plugins.
Preloading 0 native plugins for Editor in 0.00 ms.
Unloading 2794 Unused Serialized files (Serialized files now loaded: 0)
Unloading 73 unused Assets / (1.3 MB). Loaded Objects now: 3235.
Memory consumption went from 233.1 MB to 231.8 MB.
Total: 7.730300 ms (FindLiveObjects: 0.335500 ms CreateObjectMapping: 0.071000 ms MarkObjects: 6.828200 ms  DeleteObjects: 0.493900 ms)

AssetImportParameters requested are different than current active one (requested -> active):
  custom:video-decoder-webm-vp8: 9c59270c3fd7afecdb556c50c9e8de78 -> 
  custom:SearchIndexIgnoredProperties: e643bd26f0fe6173181afceb89e7c659 -> 
  custom:container-demuxer-ogg: 62fdf1f143b41e24485cea50d1cbac27 -> 
  custom:AudioImporter_EditorPlatform: d09bf68614088b80899f8185d706f6e7 -> 
  custom:video-decoder-ogg-theora: a1e56fd34408186e4bbccfd4996cb3dc -> 
  custom:framework-win-MediaFoundation: 216162199b28c13a410421893ffa2e32 -> 
  custom:video-encoder-webm-vp8: eb34c28f22e8b96e1ab97ce403110664 -> 
  custom:audio-decoder-ogg-vorbis: bf7c407c2cedff20999df2af8eb42d56 -> 
  custom:CustomObjectIndexerAttribute: 43b350a4d6e6d1791af0b5038c4bea17 -> 
  custom:container-demuxer-webm: 4f35f7cbe854078d1ac9338744f61a02 -> 
  custom:audio-encoder-webm-vorbis: bf7c407c2cedff20999df2af8eb42d56 -> 
  custom:container-muxer-webm: aa71ff27fc2769a1b78a27578f13a17b -> 
========================================================================
Received Import Request.
  Time since last request: 1910000.393378 seconds.
  path: Assets/3rd-Party/Models/Zombie/Materials/ZombieHQ_material4_Albedo.mat
  artifactKey: Guid(7fb5b7b4daec2254baa1da46b77a079d) Importer(815301076,1909f56bfc062723c751e8b465ee728b)
Start importing Assets/3rd-Party/Models/Zombie/Materials/ZombieHQ_material4_Albedo.mat using Guid(7fb5b7b4daec2254baa1da46b77a079d) Importer(815301076,1909f56bfc062723c751e8b465ee728b)  -> (artifact id: 'ef3c9265037bbda6ec615e892aa63b53') in 0.190644 seconds
Number of updated asset objects reloaded before import = 0
Number of asset objects unloaded after import = 5
========================================================================
Received Import Request.
  Time since last request: 0.000038 seconds.
  path: Assets/3rd-Party/SineVFX/TopDownEffects/Resources/Materials/MainEffects/Volley/Volley_Indicator_Emissive_01.mat
  artifactKey: Guid(190f72abfbbe4867989cf6dd5dba1a56) Importer(815301076,1909f56bfc062723c751e8b465ee728b)
Start importing Assets/3rd-Party/SineVFX/TopDownEffects/Resources/Materials/MainEffects/Volley/Volley_Indicator_Emissive_01.mat using Guid(190f72abfbbe4867989cf6dd5dba1a56) Importer(815301076,1909f56bfc062723c751e8b465ee728b)  -> (artifact id: '03699ea9d570a82b86ec398114c0511b') in 0.079294 seconds
Number of updated asset objects reloaded before import = 0
Number of asset objects unloaded after import = 12
========================================================================
Received Import Request.
  Time since last request: 0.000025 seconds.
  path: Assets/3rd-Party/SineVFX/TopDownEffects/Resources/Materials/MainEffects/Volley/Volley_Indicator_Emissive_01v2.mat
  artifactKey: Guid(828c759a916d429999d609b9a9394ad1) Importer(815301076,1909f56bfc062723c751e8b465ee728b)
Start importing Assets/3rd-Party/SineVFX/TopDownEffects/Resources/Materials/MainEffects/Volley/Volley_Indicator_Emissive_01v2.mat using Guid(828c759a916d429999d609b9a9394ad1) Importer(815301076,1909f56bfc062723c751e8b465ee728b)  -> (artifact id: 'f3f6a4dc8584fdb1932460fd5dfa3e55') in 0.022086 seconds
Number of updated asset objects reloaded before import = 0
Number of asset objects unloaded after import = 12
========================================================================
Received Import Request.
  Time since last request: 0.000027 seconds.
  path: Assets/3rd-Party/SineVFX/TopDownEffects/Resources/Materials/MainEffects/WaterBarrier/WaterBarrier_Indicator_Emissive_01.mat
  artifactKey: Guid(b71767eec00c4272a0e9235d3db33b72) Importer(815301076,1909f56bfc062723c751e8b465ee728b)
Start importing Assets/3rd-Party/SineVFX/TopDownEffects/Resources/Materials/MainEffects/WaterBarrier/WaterBarrier_Indicator_Emissive_01.mat using Guid(b71767eec00c4272a0e9235d3db33b72) Importer(815301076,1909f56bfc062723c751e8b465ee728b)  -> (artifact id: '634b0ddd9d8e402ce42ebc7df343c6fe') in 0.052454 seconds
Number of updated asset objects reloaded before import = 0
Number of asset objects unloaded after import = 12
========================================================================
Received Import Request.
  Time since last request: 0.000025 seconds.
  path: Assets/3rd-Party/SineVFX/TopDownEffects/Resources/Materials/MainEffects/WaterBarrier/WaterBarrier_InnerLight_01.mat
  artifactKey: Guid(c71f7d761ad941ca9e0f3f06a9408d26) Importer(815301076,1909f56bfc062723c751e8b465ee728b)
Start importing Assets/3rd-Party/SineVFX/TopDownEffects/Resources/Materials/MainEffects/WaterBarrier/WaterBarrier_InnerLight_01.mat using Guid(c71f7d761ad941ca9e0f3f06a9408d26) Importer(815301076,1909f56bfc062723c751e8b465ee728b)  -> (artifact id: 'b9db0f925d7bf713ebf1b91c72bfc6f8') in 0.053228 seconds
Number of updated asset objects reloaded before import = 0
Number of asset objects unloaded after import = 6
========================================================================
Received Import Request.
  Time since last request: 0.030008 seconds.
  path: Assets/3rd-Party/SineVFX/TopDownEffects/Resources/Materials/MainEffects/VoidShield/VoidShield_Indicator_Emissive_01.mat
  artifactKey: Guid(1e3e8cc37f524d1fae0c3f53deed299a) Importer(815301076,1909f56bfc062723c751e8b465ee728b)
Start importing Assets/3rd-Party/SineVFX/TopDownEffects/Resources/Materials/MainEffects/VoidShield/VoidShield_Indicator_Emissive_01.mat using Guid(1e3e8cc37f524d1fae0c3f53deed299a) Importer(815301076,1909f56bfc062723c751e8b465ee728b)  -> (artifact id: 'bd6322e359d183c98520452acdb31c43') in 0.027492 seconds
Number of updated asset objects reloaded before import = 0
Number of asset objects unloaded after import = 12
========================================================================
Received Import Request.
  Time since last request: 0.000018 seconds.
  path: Assets/3rd-Party/SineVFX/TopDownEffects/Resources/Materials/MainEffects/VoidShield/VoidShield_Indicator_Shadow_01.mat
  artifactKey: Guid(f73cef40868043979fe0653c87f1e881) Importer(815301076,1909f56bfc062723c751e8b465ee728b)
Start importing Assets/3rd-Party/SineVFX/TopDownEffects/Resources/Materials/MainEffects/VoidShield/VoidShield_Indicator_Shadow_01.mat using Guid(f73cef40868043979fe0653c87f1e881) Importer(815301076,1909f56bfc062723c751e8b465ee728b)  -> (artifact id: 'dc179f96729f3897df1eb6ad7cadfa05') in 0.056877 seconds
Number of updated asset objects reloaded before import = 0
Number of asset objects unloaded after import = 12
========================================================================
Received Import Request.
  Time since last request: 13.347458 seconds.
  path: Assets/3rd-Party/SineVFX/TopDownEffects/Resources/Meshes/ForVFX/Materials/VFXMesh_02Mat.mat
  artifactKey: Guid(3871e01d5027e6f43a0b65f7d3ddee48) Importer(815301076,1909f56bfc062723c751e8b465ee728b)
Start importing Assets/3rd-Party/SineVFX/TopDownEffects/Resources/Meshes/ForVFX/Materials/VFXMesh_02Mat.mat using Guid(3871e01d5027e6f43a0b65f7d3ddee48) Importer(815301076,1909f56bfc062723c751e8b465ee728b)  -> (artifact id: '7435e1bb32a0a7c175dc097e44e63073') in 0.014257 seconds
Number of updated asset objects reloaded before import = 0
Number of asset objects unloaded after import = 1
========================================================================
Received Import Request.
  Time since last request: 0.000024 seconds.
  path: Assets/3rd-Party/SineVFX/TopDownEffects/Resources/Meshes/ForVFX/Materials/VFXMesh_04Mat.mat
  artifactKey: Guid(b58e371bb61580a4fac2c82e5ae4cf88) Importer(815301076,1909f56bfc062723c751e8b465ee728b)
Start importing Assets/3rd-Party/SineVFX/TopDownEffects/Resources/Meshes/ForVFX/Materials/VFXMesh_04Mat.mat using Guid(b58e371bb61580a4fac2c82e5ae4cf88) Importer(815301076,1909f56bfc062723c751e8b465ee728b)  -> (artifact id: '15cbb40a4af7c231436df0cd4e61a726') in 0.015384 seconds
Number of updated asset objects reloaded before import = 0
Number of asset objects unloaded after import = 1
========================================================================
Received Import Request.
  Time since last request: 0.012236 seconds.
  path: Assets/3rd-Party/SineVFX/TopDownEffects/Resources/Meshes/ForVFX/Materials/VFXMesh_01Mat.mat
  artifactKey: Guid(7fdaeb2cd3333594984745623b11f2f1) Importer(815301076,1909f56bfc062723c751e8b465ee728b)
Start importing Assets/3rd-Party/SineVFX/TopDownEffects/Resources/Meshes/ForVFX/Materials/VFXMesh_01Mat.mat using Guid(7fdaeb2cd3333594984745623b11f2f1) Importer(815301076,1909f56bfc062723c751e8b465ee728b)  -> (artifact id: '2723fea0ec0656898a3d49710c455fbf') in 0.012506 seconds
Number of updated asset objects reloaded before import = 0
Number of asset objects unloaded after import = 1
========================================================================
Received Import Request.
  Time since last request: 0.165647 seconds.
  path: Assets/3rd-Party/Highlighters-Outlines/Demo/Environment/Assets/Materials/VegetationMedium02_Mat.mat
  artifactKey: Guid(9bf3dead271b9ca4292be701e4ecc455) Importer(815301076,1909f56bfc062723c751e8b465ee728b)
Start importing Assets/3rd-Party/Highlighters-Outlines/Demo/Environment/Assets/Materials/VegetationMedium02_Mat.mat using Guid(9bf3dead271b9ca4292be701e4ecc455) Importer(815301076,1909f56bfc062723c751e8b465ee728b)  -> (artifact id: 'db8366ce4643b91ac693848bbbe5bfae') in 0.012725 seconds
Number of updated asset objects reloaded before import = 0
Number of asset objects unloaded after import = 1
========================================================================
Received Import Request.
  Time since last request: 0.002572 seconds.
  path: Assets/3rd-Party/Highlighters-Outlines/Demo/Environment/Assets/Materials/VegetationLarge04_Mat.mat
  artifactKey: Guid(e93117502e1b3564e92425f39b663e75) Importer(815301076,1909f56bfc062723c751e8b465ee728b)
Start importing Assets/3rd-Party/Highlighters-Outlines/Demo/Environment/Assets/Materials/VegetationLarge04_Mat.mat using Guid(e93117502e1b3564e92425f39b663e75) Importer(815301076,1909f56bfc062723c751e8b465ee728b)  -> (artifact id: '6c79c6ffaaf38ad05f3327bae5f44ad6') in 0.012364 seconds
Number of updated asset objects reloaded before import = 0
Number of asset objects unloaded after import = 1
========================================================================
Received Import Request.
  Time since last request: 0.478065 seconds.
  path: Assets/3rd-Party/Idyllic Anime Japan/FBX Files/buildings/SM_shop_building_05.fbx
  artifactKey: Guid(4a0eb3748c5f54c49a57223aba8bfacb) Importer(815301076,1909f56bfc062723c751e8b465ee728b)
Start importing Assets/3rd-Party/Idyllic Anime Japan/FBX Files/buildings/SM_shop_building_05.fbx using Guid(4a0eb3748c5f54c49a57223aba8bfacb) Importer(815301076,1909f56bfc062723c751e8b465ee728b)  -> (artifact id: '6ffdbda408b05a6da3207a793b0679ca') in 0.164072 seconds
Number of updated asset objects reloaded before import = 0
Number of asset objects unloaded after import = 21
========================================================================
Received Import Request.
  Time since last request: 0.000024 seconds.
  path: Assets/3rd-Party/SineVFX/TopDownEffects/Resources/Materials/MainEffects/SummonStorm/SummonStorm_Explosion_PreIndicator_01.mat
  artifactKey: Guid(c448d07899624e3094cdc72551f01e90) Importer(815301076,1909f56bfc062723c751e8b465ee728b)
Start importing Assets/3rd-Party/SineVFX/TopDownEffects/Resources/Materials/MainEffects/SummonStorm/SummonStorm_Explosion_PreIndicator_01.mat using Guid(c448d07899624e3094cdc72551f01e90) Importer(815301076,1909f56bfc062723c751e8b465ee728b)  -> (artifact id: 'e4a305c99c6c54e5b81b2416e76afd26') in 0.028584 seconds
Number of updated asset objects reloaded before import = 0
Number of asset objects unloaded after import = 6
========================================================================
Received Import Request.
  Time since last request: 0.000029 seconds.
  path: Assets/3rd-Party/SineVFX/TopDownEffects/Resources/Materials/MainEffects/SummonStorm/SummonStorm_Indicator_Shadow_01.mat
  artifactKey: Guid(538bb1860ab74756ab73b04a67ed7d97) Importer(815301076,1909f56bfc062723c751e8b465ee728b)
Start importing Assets/3rd-Party/SineVFX/TopDownEffects/Resources/Materials/MainEffects/SummonStorm/SummonStorm_Indicator_Shadow_01.mat using Guid(538bb1860ab74756ab73b04a67ed7d97) Importer(815301076,1909f56bfc062723c751e8b465ee728b)  -> (artifact id: '29c9300b6ee5fb712686e7cf29962e99') in 0.029449 seconds
Number of updated asset objects reloaded before import = 0
Number of asset objects unloaded after import = 12
========================================================================
Received Import Request.
  Time since last request: 0.000021 seconds.
  path: Assets/3rd-Party/SineVFX/TopDownEffects/Resources/Materials/MainEffects/SummonStorm/SummonStorm_LightningStrike_01.mat
  artifactKey: Guid(2faf3a362822496ba9c9c69d83b95249) Importer(815301076,1909f56bfc062723c751e8b465ee728b)
Start importing Assets/3rd-Party/SineVFX/TopDownEffects/Resources/Materials/MainEffects/SummonStorm/SummonStorm_LightningStrike_01.mat using Guid(2faf3a362822496ba9c9c69d83b95249) Importer(815301076,1909f56bfc062723c751e8b465ee728b)  -> (artifact id: '6214ed1c0ea5dc2803f58291e05d6a23') in 0.046182 seconds
Number of updated asset objects reloaded before import = 0
Number of asset objects unloaded after import = 10
========================================================================
Received Import Request.
  Time since last request: 0.000018 seconds.
  path: Assets/3rd-Party/SineVFX/TopDownEffects/Resources/Materials/MainEffects/SummonStorm/SummonStorm_Indicator_Emissive_02.mat
  artifactKey: Guid(b79d44d68ad44ef49f4eefd124ed54a4) Importer(815301076,1909f56bfc062723c751e8b465ee728b)
Start importing Assets/3rd-Party/SineVFX/TopDownEffects/Resources/Materials/MainEffects/SummonStorm/SummonStorm_Indicator_Emissive_02.mat using Guid(b79d44d68ad44ef49f4eefd124ed54a4) Importer(815301076,1909f56bfc062723c751e8b465ee728b)  -> (artifact id: 'f15952a899d2ecd4b573987927d443b2') in 0.045323 seconds
Number of updated asset objects reloaded before import = 0
Number of asset objects unloaded after import = 12
========================================================================
Received Import Request.
  Time since last request: 0.000019 seconds.
  path: Assets/3rd-Party/SineVFX/TopDownEffects/Resources/Materials/MainEffects/SummonStorm/SummonStorm_Indicator_Emissive_01.mat
  artifactKey: Guid(233e00d570c64eb383d1b04d481d88d5) Importer(815301076,1909f56bfc062723c751e8b465ee728b)
Start importing Assets/3rd-Party/SineVFX/TopDownEffects/Resources/Materials/MainEffects/SummonStorm/SummonStorm_Indicator_Emissive_01.mat using Guid(233e00d570c64eb383d1b04d481d88d5) Importer(815301076,1909f56bfc062723c751e8b465ee728b)  -> (artifact id: 'f559f41be72173ffb1af818ca1a076cf') in 0.029183 seconds
Number of updated asset objects reloaded before import = 0
Number of asset objects unloaded after import = 12
========================================================================
Received Import Request.
  Time since last request: 0.000017 seconds.
  path: Assets/3rd-Party/SineVFX/TopDownEffects/Resources/Materials/SeparateEffects/Misc/TrailsSimple_Flare_01_Example.mat
  artifactKey: Guid(18715460fc774ce09a0e7eb91e6ae4e1) Importer(815301076,1909f56bfc062723c751e8b465ee728b)
Start importing Assets/3rd-Party/SineVFX/TopDownEffects/Resources/Materials/SeparateEffects/Misc/TrailsSimple_Flare_01_Example.mat using Guid(18715460fc774ce09a0e7eb91e6ae4e1) Importer(815301076,1909f56bfc062723c751e8b465ee728b)  -> (artifact id: 'c7a026376fc1b09562fe6e93cec43e6c') in 0.027344 seconds
Number of updated asset objects reloaded before import = 0
Number of asset objects unloaded after import = 3
========================================================================
Received Import Request.
  Time since last request: 0.000028 seconds.
  path: Assets/3rd-Party/SineVFX/TopDownEffects/Resources/Materials/MainEffects/SummonStorm/SummonStorm_Explosion_Smoke_01.mat
  artifactKey: Guid(4d5b423c09c146afa42f85e81c3e74a8) Importer(815301076,1909f56bfc062723c751e8b465ee728b)
Start importing Assets/3rd-Party/SineVFX/TopDownEffects/Resources/Materials/MainEffects/SummonStorm/SummonStorm_Explosion_Smoke_01.mat using Guid(4d5b423c09c146afa42f85e81c3e74a8) Importer(815301076,1909f56bfc062723c751e8b465ee728b)  -> (artifact id: '71e846d9b4107589aea7529973422f2e') in 0.038593 seconds
Number of updated asset objects reloaded before import = 0
Number of asset objects unloaded after import = 4
Editor requested this worker to shutdown with reason: Scaling down because of idle timeout
TcpMessagingSession - receive error: operation aborted. errorcode: 995, details: The I/O operation has been aborted because of either a thread exit or an application request.
AssetImportWorker is now disconnected from the server
Process exiting
Exiting without the bug reporter. Application will terminate with return code 0